# JRE version: Java(TM) SE Runtime Environment (8.0_122-b01) (build 1.8.0_122-ea-b01)
# Java VM: Java HotSpot(TM) 64-Bit Server VM (25.122-b01 mixed mode bsd-amd64 compressed oops)
Heap:
 PSYoungGen      total 66048K, used 5446K [0x0000000795580000, 0x000000079a000000, 0x00000007c0000000)
  eden space 61440K, 2% used [0x0000000795580000,0x00000007956bc388,0x0000000799180000)
  from space 4608K, 90% used [0x0000000799b80000,0x0000000799f95740,0x000000079a000000)
  to   space 5120K, 0% used [0x0000000799600000,0x0000000799600000,0x0000000799b00000)
 ParOldGen       total 49152K, used 6990K [0x0000000740000000, 0x0000000743000000, 0x0000000795580000)
  object space 49152K, 14% used [0x0000000740000000,0x00000007406d3ad0,0x0000000743000000)
 Metaspace       used 24451K, capacity 25064K, committed 25472K, reserved 1071104K
  class space    used 2902K, capacity 3080K, committed 3200K, reserved 1048576K
GC Heap History (10 events):
Event: 9.115 GC heap before
{Heap before GC invocations=1 (full 0):
 PSYoungGen      total 38400K, used 33280K [0x0000000795580000, 0x0000000798000000, 0x00000007c0000000)
  eden space 33280K, 100% used [0x0000000795580000,0x0000000797600000,0x0000000797600000)
  from space 5120K, 0% used [0x0000000797b00000,0x0000000797b00000,0x0000000798000000)
  to   space 5120K, 0% used [0x0000000797600000,0x0000000797600000,0x0000000797b00000)
 ParOldGen       total 87552K, used 0K [0x0000000740000000, 0x0000000745580000, 0x0000000795580000)
  object space 87552K, 0% used [0x0000000740000000,0x0000000740000000,0x0000000745580000)
 Metaspace       used 13426K, capacity 14004K, committed 14208K, reserved 1060864K
  class space    used 1737K, capacity 1908K, committed 1920K, reserved 1048576K
Event: 9.121 GC heap after
Heap after GC invocations=1 (full 0):
 PSYoungGen      total 38400K, used 5114K [0x0000000795580000, 0x0000000798000000, 0x00000007c0000000)
  eden space 33280K, 0% used [0x0000000795580000,0x0000000795580000,0x0000000797600000)
  from space 5120K, 99% used [0x0000000797600000,0x0000000797afeae0,0x0000000797b00000)
  to   space 5120K, 0% used [0x0000000797b00000,0x0000000797b00000,0x0000000798000000)
 ParOldGen       total 87552K, used 970K [0x0000000740000000, 0x0000000745580000, 0x0000000795580000)
  object space 87552K, 1% used [0x0000000740000000,0x00000007400f2ba8,0x0000000745580000)
 Metaspace       used 13426K, capacity 14004K, committed 14208K, reserved 1060864K
  class space    used 1737K, capacity 1908K, committed 1920K, reserved 1048576K
}
Event: 9.489 GC heap before
{Heap before GC invocations=2 (full 0):
 PSYoungGen      total 38400K, used 38394K [0x0000000795580000, 0x0000000798000000, 0x00000007c0000000)
  eden space 33280K, 100% used [0x0000000795580000,0x0000000797600000,0x0000000797600000)
  from space 5120K, 99% used [0x0000000797600000,0x0000000797afeae0,0x0000000797b00000)
  to   space 5120K, 0% used [0x0000000797b00000,0x0000000797b00000,0x0000000798000000)
 ParOldGen       total 87552K, used 970K [0x0000000740000000, 0x0000000745580000, 0x0000000795580000)
  object space 87552K, 1% used [0x0000000740000000,0x00000007400f2ba8,0x0000000745580000)
 Metaspace       used 18012K, capacity 18604K, committed 18944K, reserved 1064960K
  class space    used 2271K, capacity 2456K, committed 2560K, reserved 1048576K
Event: 9.504 GC heap after
Heap after GC invocations=2 (full 0):
 PSYoungGen      total 38400K, used 5118K [0x0000000795580000, 0x000000079a080000, 0x00000007c0000000)
  eden space 33280K, 0% used [0x0000000795580000,0x0000000795580000,0x0000000797600000)
  from space 5120K, 99% used [0x0000000797b00000,0x0000000797fffbb0,0x0000000798000000)
  to   space 5120K, 0% used [0x0000000797600000,0x0000000797600000,0x0000000797b00000)
 ParOldGen       total 87552K, used 4775K [0x0000000740000000, 0x0000000745580000, 0x0000000795580000)
  object space 87552K, 5% used [0x0000000740000000,0x00000007404a9e70,0x0000000745580000)
 Metaspace       used 18012K, capacity 18604K, committed 18944K, reserved 1064960K
  class space    used 2271K, capacity 2456K, committed 2560K, reserved 1048576K
}
Event: 9.808 GC heap before
{Heap before GC invocations=3 (full 0):
 PSYoungGen      total 38400K, used 25984K [0x0000000795580000, 0x000000079a080000, 0x00000007c0000000)
  eden space 33280K, 62% used [0x0000000795580000,0x00000007969e07a0,0x0000000797600000)
  from space 5120K, 99% used [0x0000000797b00000,0x0000000797fffbb0,0x0000000798000000)
  to   space 5120K, 0% used [0x0000000797600000,0x0000000797600000,0x0000000797b00000)
 ParOldGen       total 87552K, used 4775K [0x0000000740000000, 0x0000000745580000, 0x0000000795580000)
  object space 87552K, 5% used [0x0000000740000000,0x00000007404a9e70,0x0000000745580000)
 Metaspace       used 20440K, capacity 21054K, committed 21248K, reserved 1067008K
  class space    used 2540K, capacity 2715K, committed 2816K, reserved 1048576K
Event: 9.816 GC heap after
Heap after GC invocations=3 (full 0):
 PSYoungGen      total 38400K, used 5104K [0x0000000795580000, 0x000000079a080000, 0x00000007c0000000)
  eden space 33280K, 0% used [0x0000000795580000,0x0000000795580000,0x0000000797600000)
  from space 5120K, 99% used [0x0000000797600000,0x0000000797afc060,0x0000000797b00000)
  to   space 5120K, 0% used [0x0000000799b80000,0x0000000799b80000,0x000000079a080000)
 ParOldGen       total 87552K, used 5984K [0x0000000740000000, 0x0000000745580000, 0x0000000795580000)
  object space 87552K, 6% used [0x0000000740000000,0x00000007405d8248,0x0000000745580000)
 Metaspace       used 20440K, capacity 21054K, committed 21248K, reserved 1067008K
  class space    used 2540K, capacity 2715K, committed 2816K, reserved 1048576K
}
Event: 9.816 GC heap before
{Heap before GC invocations=4 (full 1):
 PSYoungGen      total 38400K, used 5104K [0x0000000795580000, 0x000000079a080000, 0x00000007c0000000)
  eden space 33280K, 0% used [0x0000000795580000,0x0000000795580000,0x0000000797600000)
  from space 5120K, 99% used [0x0000000797600000,0x0000000797afc060,0x0000000797b00000)
  to   space 5120K, 0% used [0x0000000799b80000,0x0000000799b80000,0x000000079a080000)
 ParOldGen       total 87552K, used 5984K [0x0000000740000000, 0x0000000745580000, 0x0000000795580000)
  object space 87552K, 6% used [0x0000000740000000,0x00000007405d8248,0x0000000745580000)
 Metaspace       used 20440K, capacity 21054K, committed 21248K, reserved 1067008K
  class space    used 2540K, capacity 2715K, committed 2816K, reserved 1048576K
Event: 9.847 GC heap after
Heap after GC invocations=4 (full 1):
 PSYoungGen      total 38400K, used 0K [0x0000000795580000, 0x000000079a080000, 0x00000007c0000000)
  eden space 33280K, 0% used [0x0000000795580000,0x0000000795580000,0x0000000797600000)
  from space 5120K, 0% used [0x0000000797600000,0x0000000797600000,0x0000000797b00000)
  to   space 5120K, 0% used [0x0000000799b80000,0x0000000799b80000,0x000000079a080000)
 ParOldGen       total 49152K, used 6982K [0x0000000740000000, 0x0000000743000000, 0x0000000795580000)
  object space 49152K, 14% used [0x0000000740000000,0x00000007406d1ad0,0x0000000743000000)
 Metaspace       used 20440K, capacity 21054K, committed 21248K, reserved 1067008K
  class space    used 2540K, capacity 2715K, committed 2816K, reserved 1048576K
}
Event: 11.234 GC heap before
{Heap before GC invocations=5 (full 1):
 PSYoungGen      total 38400K, used 33280K [0x0000000795580000, 0x000000079a080000, 0x00000007c0000000)
  eden space 33280K, 100% used [0x0000000795580000,0x0000000797600000,0x0000000797600000)
  from space 5120K, 0% used [0x0000000797600000,0x0000000797600000,0x0000000797b00000)
  to   space 5120K, 0% used [0x0000000799b80000,0x0000000799b80000,0x000000079a080000)
 ParOldGen       total 49152K, used 6982K [0x0000000740000000, 0x0000000743000000, 0x0000000795580000)
  object space 49152K, 14% used [0x0000000740000000,0x00000007406d1ad0,0x0000000743000000)
 Metaspace       used 24178K, capacity 24838K, committed 25088K, reserved 1071104K
  class space    used 2885K, capacity 3047K, committed 3072K, reserved 1048576K
Event: 11.240 GC heap after
Heap after GC invocations=5 (full 1):
 PSYoungGen      total 66048K, used 4181K [0x0000000795580000, 0x000000079a000000, 0x00000007c0000000)
  eden space 61440K, 0% used [0x0000000795580000,0x0000000795580000,0x0000000799180000)
  from space 4608K, 90% used [0x0000000799b80000,0x0000000799f95740,0x000000079a000000)
  to   space 5120K, 0% used [0x0000000799600000,0x0000000799600000,0x0000000799b00000)
 ParOldGen       total 49152K, used 6990K [0x0000000740000000, 0x0000000743000000, 0x0000000795580000)
  object space 49152K, 14% used [0x0000000740000000,0x00000007406d3ad0,0x0000000743000000)
 Metaspace       used 24178K, capacity 24838K, committed 25088K, reserved 1071104K
  class space    used 2885K, capacity 3047K, committed 3072K, reserved 1048576K
}

